android-twa/app/build/intermediates/manifest_merge_blame_file/release/processReleaseMainManifest/manifest-merger-blame-release-report.txt
1<?xml version="1.0" encoding="utf-8"?>
2<manifest xmlns:android="http://schemas.android.com/apk/res/android"
3    package="com.eventise.twa"
4    android:versionCode="8"
5    android:versionName="1.0.4" >
6
7    <uses-sdk
8        android:minSdkVersion="21"
9        android:targetSdkVersion="35" />
10
11    <queries>
11-->[com.google.androidbrowserhelper:androidbrowserhelper:2.4.0] AndroidManifest.xml:26:5-34:15
12        <intent>
12-->[com.google.androidbrowserhelper:androidbrowserhelper:2.4.0] AndroidManifest.xml:27:9-33:18
13            <action android:name="android.intent.action.VIEW" />
13-->src\main\AndroidManifest.xml:28:17-69
13-->src\main\AndroidManifest.xml:28:25-66
14
15            <category android:name="android.intent.category.BROWSABLE" />
15-->src\main\AndroidManifest.xml:30:17-78
15-->src\main\AndroidManifest.xml:30:27-75
16
17            <data android:scheme="https" />
17-->src\main\AndroidManifest.xml:31:17-33:61
17-->src\main\AndroidManifest.xml:32:21-43
18        </intent>
19    </queries>
20
21    <permission
21-->[androidx.core:core:1.13.0] AndroidManifest.xml:22:5-24:47
22        android:name="com.eventise.twa.DYNAMIC_RECEIVER_NOT_EXPORTED_PERMISSION"
22-->[androidx.core:core:1.13.0] AndroidManifest.xml:23:9-81
23        android:protectionLevel="signature" />
23-->[androidx.core:core:1.13.0] AndroidManifest.xml:24:9-44
24
25    <uses-permission android:name="com.eventise.twa.DYNAMIC_RECEIVER_NOT_EXPORTED_PERMISSION" />
25-->[androidx.core:core:1.13.0] AndroidManifest.xml:26:5-97
25-->[androidx.core:core:1.13.0] AndroidManifest.xml:26:22-94
26
27    <application
27-->src\main\AndroidManifest.xml:4:5-62:19
28        android:allowBackup="true"
28-->src\main\AndroidManifest.xml:5:9-35
29        android:appComponentFactory="androidx.core.app.CoreComponentFactory"
29-->[androidx.core:core:1.13.0] AndroidManifest.xml:28:18-86
30        android:extractNativeLibs="true"
31        android:icon="@mipmap/ic_launcher"
31-->src\main\AndroidManifest.xml:6:9-43
32        android:label="@string/app_name"
32-->src\main\AndroidManifest.xml:7:9-41
33        android:roundIcon="@mipmap/ic_launcher_round"
33-->src\main\AndroidManifest.xml:8:9-54
34        android:supportsRtl="true"
34-->src\main\AndroidManifest.xml:9:9-35
35        android:theme="@style/Theme.Eventise" >
35-->src\main\AndroidManifest.xml:10:9-46
36        <meta-data
36-->src\main\AndroidManifest.xml:12:9-14:59
37            android:name="asset_statements"
37-->src\main\AndroidManifest.xml:13:13-44
38            android:resource="@string/asset_statements" />
38-->src\main\AndroidManifest.xml:14:13-56
39
40        <activity
40-->src\main\AndroidManifest.xml:16:9-51:20
41            android:name="com.eventise.twa.LauncherActivity"
41-->src\main\AndroidManifest.xml:17:13-45
42            android:exported="true"
42-->src\main\AndroidManifest.xml:18:13-36
43            android:launchMode="singleTask"
43-->src\main\AndroidManifest.xml:19:13-44
44            android:theme="@style/Theme.Eventise" >
44-->src\main\AndroidManifest.xml:20:13-50
45            <intent-filter>
45-->src\main\AndroidManifest.xml:21:13-24:29
46                <action android:name="android.intent.action.MAIN" />
46-->src\main\AndroidManifest.xml:22:17-69
46-->src\main\AndroidManifest.xml:22:25-66
47
48                <category android:name="android.intent.category.LAUNCHER" />
48-->src\main\AndroidManifest.xml:23:17-77
48-->src\main\AndroidManifest.xml:23:27-74
49            </intent-filter>
50
51            <!-- This intent-filter allows the app to handle links to your website -->
52            <intent-filter android:autoVerify="true" >
52-->src\main\AndroidManifest.xml:27:13-34:29
52-->src\main\AndroidManifest.xml:27:28-53
53                <action android:name="android.intent.action.VIEW" />
53-->src\main\AndroidManifest.xml:28:17-69
53-->src\main\AndroidManifest.xml:28:25-66
54
55                <category android:name="android.intent.category.DEFAULT" />
55-->src\main\AndroidManifest.xml:29:17-76
55-->src\main\AndroidManifest.xml:29:27-73
56                <category android:name="android.intent.category.BROWSABLE" />
56-->src\main\AndroidManifest.xml:30:17-78
56-->src\main\AndroidManifest.xml:30:27-75
57
58                <data
58-->src\main\AndroidManifest.xml:31:17-33:61
59                    android:host="fete-app-c07ec.web.app"
59-->src\main\AndroidManifest.xml:33:21-58
60                    android:scheme="https" />
60-->src\main\AndroidManifest.xml:32:21-43
61            </intent-filter>
62
63            <meta-data
63-->src\main\AndroidManifest.xml:36:13-38:54
64                android:name="android.support.customtabs.trusted.DEFAULT_URL"
64-->src\main\AndroidManifest.xml:37:17-78
65                android:value="@string/launch_url" />
65-->src\main\AndroidManifest.xml:38:17-51
66            <meta-data
66-->src\main\AndroidManifest.xml:39:13-41:59
67                android:name="android.support.customtabs.trusted.STATUS_BAR_COLOR"
67-->src\main\AndroidManifest.xml:40:17-83
68                android:resource="@color/brand_surface" />
68-->src\main\AndroidManifest.xml:41:17-56
69            <meta-data
69-->src\main\AndroidManifest.xml:42:13-44:59
70                android:name="android.support.customtabs.trusted.NAVIGATION_BAR_COLOR"
70-->src\main\AndroidManifest.xml:43:17-87
71                android:resource="@color/brand_surface" />
71-->src\main\AndroidManifest.xml:44:17-56
72            <meta-data
72-->src\main\AndroidManifest.xml:45:13-47:64
73                android:name="android.support.customtabs.trusted.SPLASH_IMAGE_DRAWABLE"
73-->src\main\AndroidManifest.xml:46:17-88
74                android:resource="@drawable/splash_wordmark" />
74-->src\main\AndroidManifest.xml:47:17-61
75            <meta-data
75-->src\main\AndroidManifest.xml:48:13-50:65
76                android:name="android.support.customtabs.trusted.FILE_PROVIDER_AUTHORITY"
76-->src\main\AndroidManifest.xml:49:17-90
77                android:value="com.eventise.twa.fileprovider" />
77-->src\main\AndroidManifest.xml:50:17-62
78        </activity>
79
80        <provider
80-->src\main\AndroidManifest.xml:53:9-61:20
81            android:name="androidx.core.content.FileProvider"
81-->src\main\AndroidManifest.xml:54:13-62
82            android:authorities="com.eventise.twa.fileprovider"
82-->src\main\AndroidManifest.xml:55:13-64
83            android:exported="false"
83-->src\main\AndroidManifest.xml:56:13-37
84            android:grantUriPermissions="true" >
84-->src\main\AndroidManifest.xml:57:13-47
85            <meta-data
85-->src\main\AndroidManifest.xml:58:13-60:53
86                android:name="android.support.FILE_PROVIDER_PATHS"
86-->src\main\AndroidManifest.xml:59:17-67
87                android:resource="@xml/filepaths" />
87-->src\main\AndroidManifest.xml:60:17-50
88        </provider>
89        <provider
89-->[androidx.emoji2:emoji2:1.3.0] AndroidManifest.xml:24:9-32:20
90            android:name="androidx.startup.InitializationProvider"
90-->[androidx.emoji2:emoji2:1.3.0] AndroidManifest.xml:25:13-67
91            android:authorities="com.eventise.twa.androidx-startup"
91-->[androidx.emoji2:emoji2:1.3.0] AndroidManifest.xml:26:13-68
92            android:exported="false" >
92-->[androidx.emoji2:emoji2:1.3.0] AndroidManifest.xml:27:13-37
93            <meta-data
93-->[androidx.emoji2:emoji2:1.3.0] AndroidManifest.xml:29:13-31:52
94                android:name="androidx.emoji2.text.EmojiCompatInitializer"
94-->[androidx.emoji2:emoji2:1.3.0] AndroidManifest.xml:30:17-75
95                android:value="androidx.startup" />
95-->[androidx.emoji2:emoji2:1.3.0] AndroidManifest.xml:31:17-49
96            <meta-data
96-->[androidx.lifecycle:lifecycle-process:2.6.2] AndroidManifest.xml:29:13-31:52
97                android:name="androidx.lifecycle.ProcessLifecycleInitializer"
97-->[androidx.lifecycle:lifecycle-process:2.6.2] AndroidManifest.xml:30:17-78
98                android:value="androidx.startup" />
98-->[androidx.lifecycle:lifecycle-process:2.6.2] AndroidManifest.xml:31:17-49
99            <meta-data
99-->[androidx.profileinstaller:profileinstaller:1.3.1] AndroidManifest.xml:29:13-31:52
100                android:name="androidx.profileinstaller.ProfileInstallerInitializer"
100-->[androidx.profileinstaller:profileinstaller:1.3.1] AndroidManifest.xml:30:17-85
101                android:value="androidx.startup" />
101-->[androidx.profileinstaller:profileinstaller:1.3.1] AndroidManifest.xml:31:17-49
102        </provider>
103
104        <receiver
104-->[androidx.profileinstaller:profileinstaller:1.3.1] AndroidManifest.xml:34:9-52:20
105            android:name="androidx.profileinstaller.ProfileInstallReceiver"
105-->[androidx.profileinstaller:profileinstaller:1.3.1] AndroidManifest.xml:35:13-76
106            android:directBootAware="false"
106-->[androidx.profileinstaller:profileinstaller:1.3.1] AndroidManifest.xml:36:13-44
107            android:enabled="true"
107-->[androidx.profileinstaller:profileinstaller:1.3.1] AndroidManifest.xml:37:13-35
108            android:exported="true"
108-->[androidx.profileinstaller:profileinstaller:1.3.1] AndroidManifest.xml:38:13-36
109            android:permission="android.permission.DUMP" >
109-->[androidx.profileinstaller:profileinstaller:1.3.1] AndroidManifest.xml:39:13-57
110            <intent-filter>
110-->[androidx.profileinstaller:profileinstaller:1.3.1] AndroidManifest.xml:40:13-42:29
111                <action android:name="androidx.profileinstaller.action.INSTALL_PROFILE" />
111-->[androidx.profileinstaller:profileinstaller:1.3.1] AndroidManifest.xml:41:17-91
111-->[androidx.profileinstaller:profileinstaller:1.3.1] AndroidManifest.xml:41:25-88
112            </intent-filter>
113            <intent-filter>
113-->[androidx.profileinstaller:profileinstaller:1.3.1] AndroidManifest.xml:43:13-45:29
114                <action android:name="androidx.profileinstaller.action.SKIP_FILE" />
114-->[androidx.profileinstaller:profileinstaller:1.3.1] AndroidManifest.xml:44:17-85
114-->[androidx.profileinstaller:profileinstaller:1.3.1] AndroidManifest.xml:44:25-82
115            </intent-filter>
116            <intent-filter>
116-->[androidx.profileinstaller:profileinstaller:1.3.1] AndroidManifest.xml:46:13-48:29
117                <action android:name="androidx.profileinstaller.action.SAVE_PROFILE" />
117-->[androidx.profileinstaller:profileinstaller:1.3.1] AndroidManifest.xml:47:17-88
117-->[androidx.profileinstaller:profileinstaller:1.3.1] AndroidManifest.xml:47:25-85
118            </intent-filter>
119            <intent-filter>
119-->[androidx.profileinstaller:profileinstaller:1.3.1] AndroidManifest.xml:49:13-51:29
120                <action android:name="androidx.profileinstaller.action.BENCHMARK_OPERATION" />
120-->[androidx.profileinstaller:profileinstaller:1.3.1] AndroidManifest.xml:50:17-95
120-->[androidx.profileinstaller:profileinstaller:1.3.1] AndroidManifest.xml:50:25-92
121            </intent-filter>
122        </receiver>
123    </application>
124
125</manifest>